<?xml version="1.0" encoding="UTF-8"?>
<!-- Generated by org.testng.reporters.JUnitXMLReporter -->
<testsuite ignored="1" hostname="DESKTOP-E5D0OB9" failures="0" tests="3" name="Default test" time="0.099" errors="0" timestamp="2026-01-15T01:23:59 IST">
  <testcase classname="tests.TestNG4" name="test02" time="0.017"/>
  <testcase classname="tests.TestNG4" name="test02" time="0.001"/>
  <testcase classname="tests.TestNG4" name="test02" time="0.002"/>
  <testcase classname="tests.TestNG4" name="test01" time="0.0">
    <ignored/>
  </testcase> <!-- test01 -->
</testsuite> <!-- Default test -->
