<?xml version="1.0" encoding="UTF-8"?>
<!-- Generated by org.testng.reporters.JUnitXMLReporter -->
<testsuite ignored="0" hostname="DESKTOP-E5D0OB9" failures="0" tests="4" name="Test" time="0.174" errors="0" timestamp="2026-01-17T00:04:58 IST">
  <testcase classname="tests.TestNG4" name="test01" time="0.041"/>
  <testcase classname="tests.TestNG4" name="test02" time="0.003"/>
  <testcase classname="tests.TestNG4" name="test02" time="0.004"/>
  <testcase classname="tests.TestNG4" name="test02" time="0.003"/>
</testsuite> <!-- Test -->
