<?xml version="1.0" encoding="UTF-8"?>
<!-- Generated by org.testng.reporters.JUnitXMLReporter -->
<testsuite ignored="1" hostname="DESKTOP-E5D0OB9" failures="0" tests="2" name="Test" time="0.116" errors="0" timestamp="2026-01-14T21:50:52 IST">
  <testcase classname="tests.TestNG2" name="test01" time="0.023"/>
  <testcase classname="tests.TestNG2" name="test03" time="0.002"/>
  <testcase classname="tests.TestNG2" name="test02" time="0.0">
    <ignored/>
  </testcase> <!-- test02 -->
</testsuite> <!-- Test -->
