<?xml version="1.0" encoding="UTF-8"?>
<testsuite xmlns:xsi="http://www.w3.org/2001/XMLSchema-instance" xsi:noNamespaceSchemaLocation="https://maven.apache.org/surefire/maven-surefire-plugin/xsd/surefire-test-report-3.0.xsd" version="3.0" name="tests.ParamterizedTest" time="0.242" tests="4" errors="0" skipped="0" failures="0">
  <properties>
[...]
</properties>
  <testcase name="test001(int, int, int)[1]" classname="tests.ParamterizedTest" time="0.039"/>
  <testcase name="test001(int, int, int)[2]" classname="tests.ParamterizedTest" time="0.002"/>
  <testcase name="test001(int, int, int)[3]" classname="tests.ParamterizedTest" time="0.002"/>
  <testcase name="test001(int, int, int)[4]" classname="tests.ParamterizedTest" time="0.002"/>
</testsuite>