<?xml version="1.0" encoding="UTF-8"?>
<testng-results ignored="1" total="3" passed="2" failed="0" skipped="0">
  <reporter-output>
  </reporter-output>
  <suite started-at="2026-01-14T21:50:52 IST" name="Suite" finished-at="2026-01-14T21:50:52 IST" duration-ms="116">
    <groups>
      <group name="smoke">
        <method signature="TestNG2.test01()[pri:1, instance:tests.TestNG2@31304f14]" name="test01" class="tests.TestNG2"/>
        <method signature="TestNG2.test03()[pri:3, instance:tests.TestNG2@31304f14]" name="test03" class="tests.TestNG2"/>
      </group> <!-- smoke -->
    </groups>
    <test started-at="2026-01-14T21:50:52 IST" name="Test" finished-at="2026-01-14T21:50:52 IST" duration-ms="116">
      <class name="tests.TestNG2">
        <test-method signature="test01()[pri:1, instance:tests.TestNG2@31304f14]" started-at="2026-01-14T21:50:52 IST" name="test01" description="Test 01" finished-at="2026-01-14T21:50:52 IST" duration-ms="23" status="PASS">
          <reporter-output>
          </reporter-output>
        </test-method> <!-- test01 -->
        <test-method signature="test03()[pri:3, instance:tests.TestNG2@31304f14]" started-at="2026-01-14T21:50:52 IST" name="test03" description="Test 03" finished-at="2026-01-14T21:50:52 IST" duration-ms="2" status="PASS">
          <reporter-output>
          </reporter-output>
        </test-method> <!-- test03 -->
      </class> <!-- tests.TestNG2 -->
    </test> <!-- Test -->
  </suite> <!-- Suite -->
</testng-results>
