<?xml version="1.0" encoding="UTF-8"?>
<testng-results ignored="0" total="2" passed="2" failed="0" skipped="0">
  <reporter-output>
  </reporter-output>
  <suite started-at="2026-01-14T00:22:33 IST" name="Suite" finished-at="2026-01-14T00:22:34 IST" duration-ms="127">
    <groups>
    </groups>
    <test started-at="2026-01-14T00:22:33 IST" name="Test" finished-at="2026-01-14T00:22:34 IST" duration-ms="127">
      <class name="tests.TestNG1">
        <test-method is-config="true" signature="beforeSuite()[pri:0, instance:tests.TestNG1@7e6f74c]" started-at="2026-01-14T00:22:33 IST" name="beforeSuite" finished-at="2026-01-14T00:22:33 IST" duration-ms="20" status="PASS">
          <reporter-output>
          </reporter-output>
        </test-method> <!-- beforeSuite -->
        <test-method is-config="true" signature="beforeTest()[pri:0, instance:tests.TestNG1@7e6f74c]" started-at="2026-01-14T00:22:33 IST" name="beforeTest" finished-at="2026-01-14T00:22:33 IST" duration-ms="1" status="PASS">
          <reporter-output>
          </reporter-output>
        </test-method> <!-- beforeTest -->
        <test-method is-config="true" signature="beforeClass()[pri:0, instance:tests.TestNG1@7e6f74c]" started-at="2026-01-14T00:22:33 IST" name="beforeClass" finished-at="2026-01-14T00:22:33 IST" duration-ms="1" status="PASS">
          <reporter-output>
          </reporter-output>
        </test-method> <!-- beforeClass -->
        <test-method is-config="true" signature="beforeMethod()[pri:0, instance:tests.TestNG1@7e6f74c]" started-at="2026-01-14T00:22:33 IST" name="beforeMethod" finished-at="2026-01-14T00:22:33 IST" duration-ms="2" status="PASS">
          <reporter-output>
          </reporter-output>
        </test-method> <!-- beforeMethod -->
        <test-method signature="test001()[pri:0, instance:tests.TestNG1@7e6f74c]" started-at="2026-01-14T00:22:33 IST" name="test001" finished-at="2026-01-14T00:22:34 IST" duration-ms="13" status="PASS">
          <reporter-output>
          </reporter-output>
        </test-method> <!-- test001 -->
        <test-method is-config="true" signature="afterMethod()[pri:0, instance:tests.TestNG1@7e6f74c]" started-at="2026-01-14T00:22:34 IST" name="afterMethod" finished-at="2026-01-14T00:22:34 IST" duration-ms="1" status="PASS">
          <reporter-output>
          </reporter-output>
        </test-method> <!-- afterMethod -->
        <test-method is-config="true" signature="beforeMethod()[pri:0, instance:tests.TestNG1@7e6f74c]" started-at="2026-01-14T00:22:34 IST" name="beforeMethod" finished-at="2026-01-14T00:22:34 IST" duration-ms="2" status="PASS">
          <reporter-output>
          </reporter-output>
        </test-method> <!-- beforeMethod -->
        <test-method signature="test002()[pri:0, instance:tests.TestNG1@7e6f74c]" started-at="2026-01-14T00:22:34 IST" name="test002" finished-at="2026-01-14T00:22:34 IST" duration-ms="3" status="PASS">
          <reporter-output>
          </reporter-output>
        </test-method> <!-- test002 -->
        <test-method is-config="true" signature="afterMethod()[pri:0, instance:tests.TestNG1@7e6f74c]" started-at="2026-01-14T00:22:34 IST" name="afterMethod" finished-at="2026-01-14T00:22:34 IST" duration-ms="2" status="PASS">
          <reporter-output>
          </reporter-output>
        </test-method> <!-- afterMethod -->
        <test-method is-config="true" signature="afterClass()[pri:0, instance:tests.TestNG1@7e6f74c]" started-at="2026-01-14T00:22:34 IST" name="afterClass" finished-at="2026-01-14T00:22:34 IST" duration-ms="1" status="PASS">
          <reporter-output>
          </reporter-output>
        </test-method> <!-- afterClass -->
        <test-method is-config="true" signature="afterTest()[pri:0, instance:tests.TestNG1@7e6f74c]" started-at="2026-01-14T00:22:34 IST" name="afterTest" finished-at="2026-01-14T00:22:34 IST" duration-ms="1" status="PASS">
          <reporter-output>
          </reporter-output>
        </test-method> <!-- afterTest -->
        <test-method is-config="true" signature="afterSuite()[pri:0, instance:tests.TestNG1@7e6f74c]" started-at="2026-01-14T00:22:34 IST" name="afterSuite" finished-at="2026-01-14T00:22:34 IST" duration-ms="1" status="PASS">
          <reporter-output>
          </reporter-output>
        </test-method> <!-- afterSuite -->
      </class> <!-- tests.TestNG1 -->
    </test> <!-- Test -->
  </suite> <!-- Suite -->
</testng-results>
