<?xml version="1.0" encoding="UTF-8"?>
<testng-results ignored="1" total="4" passed="3" failed="0" skipped="0">
  <reporter-output>
  </reporter-output>
  <suite started-at="2026-01-15T01:23:59 IST" name="Default suite" finished-at="2026-01-15T01:23:59 IST" duration-ms="99">
    <groups>
    </groups>
    <test started-at="2026-01-15T01:23:59 IST" name="Default test" finished-at="2026-01-15T01:23:59 IST" duration-ms="99">
      <class name="tests.TestNG4">
        <test-method signature="test02(int,int)[pri:0, instance:tests.TestNG4@4802796d]" started-at="2026-01-15T01:23:59 IST" name="test02" data-provider="dataprovider" finished-at="2026-01-15T01:23:59 IST" duration-ms="17" status="PASS">
          <params>
            <param index="0">
              <value>
                <![CDATA[1]]>
              </value>
            </param>
            <param index="1">
              <value>
                <![CDATA[2]]>
              </value>
            </param>
          </params>
          <reporter-output>
          </reporter-output>
        </test-method> <!-- test02 -->
        <test-method signature="test02(int,int)[pri:0, instance:tests.TestNG4@4802796d]" started-at="2026-01-15T01:23:59 IST" name="test02" data-provider="dataprovider" finished-at="2026-01-15T01:23:59 IST" duration-ms="1" status="PASS">
          <params>
            <param index="0">
              <value>
                <![CDATA[3]]>
              </value>
            </param>
            <param index="1">
              <value>
                <![CDATA[4]]>
              </value>
            </param>
          </params>
          <reporter-output>
          </reporter-output>
        </test-method> <!-- test02 -->
        <test-method signature="test02(int,int)[pri:0, instance:tests.TestNG4@4802796d]" started-at="2026-01-15T01:23:59 IST" name="test02" data-provider="dataprovider" finished-at="2026-01-15T01:23:59 IST" duration-ms="2" status="PASS">
          <params>
            <param index="0">
              <value>
                <![CDATA[-1]]>
              </value>
            </param>
            <param index="1">
              <value>
                <![CDATA[0]]>
              </value>
            </param>
          </params>
          <reporter-output>
          </reporter-output>
        </test-method> <!-- test02 -->
      </class> <!-- tests.TestNG4 -->
    </test> <!-- Default test -->
  </suite> <!-- Default suite -->
</testng-results>
