<?xml version="1.0" encoding="UTF-8"?>
<testng-results ignored="0" total="4" passed="4" failed="0" skipped="0">
  <reporter-output>
  </reporter-output>
  <suite started-at="2026-01-17T00:04:58 IST" name="Suite" finished-at="2026-01-17T00:04:58 IST" duration-ms="174">
    <groups>
    </groups>
    <test started-at="2026-01-17T00:04:58 IST" name="Test" finished-at="2026-01-17T00:04:58 IST" duration-ms="174">
      <class name="tests.TestNG4">
        <test-method signature="test01(int,int)[pri:0, instance:tests.TestNG4@3754a4bf]" started-at="2026-01-17T00:04:58 IST" name="test01" finished-at="2026-01-17T00:04:58 IST" duration-ms="41" status="PASS">
          <params>
            <param index="0">
              <value>
                <![CDATA[1]]>
              </value>
            </param>
            <param index="1">
              <value>
                <![CDATA[2]]>
              </value>
            </param>
          </params>
          <reporter-output>
          </reporter-output>
        </test-method> <!-- test01 -->
        <test-method signature="test02(int,int)[pri:0, instance:tests.TestNG4@3754a4bf]" started-at="2026-01-17T00:04:58 IST" name="test02" data-provider="dataprovider" finished-at="2026-01-17T00:04:58 IST" duration-ms="3" status="PASS">
          <params>
            <param index="0">
              <value>
                <![CDATA[1]]>
              </value>
            </param>
            <param index="1">
              <value>
                <![CDATA[2]]>
              </value>
            </param>
          </params>
          <reporter-output>
          </reporter-output>
        </test-method> <!-- test02 -->
        <test-method signature="test02(int,int)[pri:0, instance:tests.TestNG4@3754a4bf]" started-at="2026-01-17T00:04:58 IST" name="test02" data-provider="dataprovider" finished-at="2026-01-17T00:04:58 IST" duration-ms="4" status="PASS">
          <params>
            <param index="0">
              <value>
                <![CDATA[3]]>
              </value>
            </param>
            <param index="1">
              <value>
                <![CDATA[4]]>
              </value>
            </param>
          </params>
          <reporter-output>
          </reporter-output>
        </test-method> <!-- test02 -->
        <test-method signature="test02(int,int)[pri:0, instance:tests.TestNG4@3754a4bf]" started-at="2026-01-17T00:04:58 IST" name="test02" data-provider="dataprovider" finished-at="2026-01-17T00:04:58 IST" duration-ms="3" status="PASS">
          <params>
            <param index="0">
              <value>
                <![CDATA[-1]]>
              </value>
            </param>
            <param index="1">
              <value>
                <![CDATA[0]]>
              </value>
            </param>
          </params>
          <reporter-output>
          </reporter-output>
        </test-method> <!-- test02 -->
      </class> <!-- tests.TestNG4 -->
    </test> <!-- Test -->
  </suite> <!-- Suite -->
</testng-results>
